
> gateway-module@1.0.0 start /home/axbg/Documents/dev/projects/flow/gateway-module/gateway-module
> node app.js

[HPM] Proxy created: /  ->  http://localhost:8001
[HPM] Proxy rewrite rule created: "/student/create" ~> "/create"
[HPM] Proxy created: /  ->  http://localhost:8004
[HPM] Proxy rewrite rule created: "/volunteer/create" ~> "/create"
[HPM] Proxy created: /  ->  http://localhost:8001
[HPM] Proxy rewrite rule created: "/student" ~> ""
[HPM] Proxy created: /  ->  http://localhost:8002
[HPM] Proxy rewrite rule created: "/mail" ~> ""
[HPM] Proxy created: /  ->  http://localhost:8003
[HPM] Proxy rewrite rule created: "/enrollment" ~> ""
[HPM] Proxy created: /  ->  http://localhost:8004
[HPM] Proxy rewrite rule created: "/volunteer" ~> ""
events.js:174
      throw er; // Unhandled 'error' event
      ^

Error: listen EADDRINUSE: address already in use :::8000
    at Server.setupListenHandle [as _listen2] (net.js:1270:14)
    at listenInCluster (net.js:1318:12)
    at Server.listen (net.js:1405:7)
    at Function.listen (/home/axbg/Documents/dev/projects/flow/gateway-module/gateway-module/node_modules/express/lib/application.js:618:24)
    at Object.<anonymous> (/home/axbg/Documents/dev/projects/flow/gateway-module/gateway-module/app.js:67:5)
    at Module._compile (internal/modules/cjs/loader.js:701:30)
    at Object.Module._extensions..js (internal/modules/cjs/loader.js:712:10)
    at Module.load (internal/modules/cjs/loader.js:600:32)
    at tryModuleLoad (internal/modules/cjs/loader.js:539:12)
    at Function.Module._load (internal/modules/cjs/loader.js:531:3)
    at Function.Module.runMain (internal/modules/cjs/loader.js:754:12)
    at startup (internal/bootstrap/node.js:283:19)
    at bootstrapNodeJSCore (internal/bootstrap/node.js:622:3)
Emitted 'error' event at:
    at emitErrorNT (net.js:1297:8)
    at process._tickCallback (internal/process/next_tick.js:63:19)
    at Function.Module.runMain (internal/modules/cjs/loader.js:757:11)
    at startup (internal/bootstrap/node.js:283:19)
    at bootstrapNodeJSCore (internal/bootstrap/node.js:622:3)
npm ERR! code ELIFECYCLE
npm ERR! errno 1
npm ERR! gateway-module@1.0.0 start: `node app.js`
npm ERR! Exit status 1
npm ERR! 
npm ERR! Failed at the gateway-module@1.0.0 start script.
npm ERR! This is probably not a problem with npm. There is likely additional logging output above.

npm ERR! A complete log of this run can be found in:
npm ERR!     /home/axbg/.npm/_logs/2019-07-09T19_49_18_908Z-debug.log
